{"/home/jean_desravines/workspace/jest-sandbox/lib/sandbox.js": {"path":"/home/jean_desravines/workspace/jest-sandbox/lib/sandbox.js","statementMap":{"0":{"start":{"line":12,"column":4},"end":{"line":12,"column":20}},"1":{"start":{"line":22,"column":4},"end":{"line":24,"column":5}},"2":{"start":{"line":23,"column":6},"end":{"line":23,"column":38}},"3":{"start":{"line":23,"column":31},"end":{"line":23,"column":37}},"4":{"start":{"line":26,"column":4},"end":{"line":26,"column":74}},"5":{"start":{"line":33,"column":4},"end":{"line":33,"column":51}},"6":{"start":{"line":33,"column":32},"end":{"line":33,"column":49}},"7":{"start":{"line":34,"column":4},"end":{"line":34,"column":25}},"8":{"start":{"line":42,"column":4},"end":{"line":42,"column":25}},"9":{"start":{"line":46,"column":0},"end":{"line":46,"column":25}}},"fnMap":{"0":{"name":"(anonymous_0)","decl":{"start":{"line":8,"column":2},"end":{"line":8,"column":3}},"loc":{"start":{"line":8,"column":16},"end":{"line":13,"column":3}},"line":8},"1":{"name":"(anonymous_1)","decl":{"start":{"line":21,"column":2},"end":{"line":21,"column":3}},"loc":{"start":{"line":21,"column":26},"end":{"line":27,"column":3}},"line":21},"2":{"name":"(anonymous_2)","decl":{"start":{"line":23,"column":25},"end":{"line":23,"column":26}},"loc":{"start":{"line":23,"column":31},"end":{"line":23,"column":37}},"line":23},"3":{"name":"(anonymous_3)","decl":{"start":{"line":32,"column":2},"end":{"line":32,"column":3}},"loc":{"start":{"line":32,"column":20},"end":{"line":35,"column":3}},"line":32},"4":{"name":"(anonymous_4)","decl":{"start":{"line":33,"column":23},"end":{"line":33,"column":24}},"loc":{"start":{"line":33,"column":32},"end":{"line":33,"column":49}},"line":33},"5":{"name":"(anonymous_5)","decl":{"start":{"line":41,"column":2},"end":{"line":41,"column":3}},"loc":{"start":{"line":41,"column":18},"end":{"line":43,"column":3}},"line":41}},"branchMap":{"0":{"loc":{"start":{"line":22,"column":4},"end":{"line":24,"column":5}},"type":"if","locations":[{"start":{"line":22,"column":4},"end":{"line":24,"column":5}},{"start":{"line":22,"column":4},"end":{"line":24,"column":5}}],"line":22}},"s":{"0":4,"1":5,"2":4,"3":0,"4":5,"5":1,"6":3,"7":1,"8":4,"9":1},"f":{"0":4,"1":5,"2":0,"3":1,"4":3,"5":4},"b":{"0":[4,1]},"_coverageSchema":"332fd63041d2c1bcb487cc26dd0d5f7d97098a6c","hash":"1016657d60550bf4576d64efcbe9359323133671"}
}
